<?xml version="1.0" encoding="UTF-8"?>
<!-- Generated by org.testng.reporters.JUnitXMLReporter -->
<testsuite hostname="anandakumar" ignored="9" name="Test" tests="1" failures="1" timestamp="10 Apr 2019 16:21:35 GMT" time="169.991" errors="0">
  <testcase name="createloanapplication" time="150.177" classname="com.quantum.qa.testcase.Tc002LoanCreationLoanapp">
    <failure type="java.lang.NullPointerException">
      <![CDATA[java.lang.NullPointerException
at org.openqa.selenium.support.ui.ExpectedConditions.elementIfVisible(ExpectedConditions.java:302)
at org.openqa.selenium.support.ui.ExpectedConditions.access$100(ExpectedConditions.java:44)
at org.openqa.selenium.support.ui.ExpectedConditions$10.apply(ExpectedConditions.java:288)
at org.openqa.selenium.support.ui.ExpectedConditions$10.apply(ExpectedConditions.java:285)
at org.openqa.selenium.support.ui.FluentWait.until(FluentWait.java:209)
at com.quantum.qa.pages.Filesummary.getloannumber(Filesummary.java:25)
at com.quantum.qa.testcase.Tc002LoanCreationLoanapp.createloanapplication(Tc002LoanCreationLoanapp.java:42)
... Removed 25 stack frames]]>
    </failure>
  </testcase> <!-- createloanapplication -->
  <testcase name="salesactivity" time="0.0" classname="com.quantum.qa.testcase.Tc004loanSalestoProcessing">
    <ignored/>
  </testcase> <!-- salesactivity -->
  <testcase name="loanwithreferalprogram" time="0.0" classname="com.quantum.qa.testcase.Tc003ReferralProgramSelection">
    <ignored/>
  </testcase> <!-- loanwithreferalprogram -->
  <testcase name="@BeforeTest htmlreportgenerator" time="0.0" classname="com.quantum.qa.wrappers.Quantumwrappers">
    <ignored/>
  </testcase> <!-- @BeforeTest htmlreportgenerator -->
  <testcase name="@BeforeTest htmlreportgenerator" time="0.0" classname="com.quantum.qa.wrappers.Quantumwrappers">
    <ignored/>
  </testcase> <!-- @BeforeTest htmlreportgenerator -->
  <testcase name="@BeforeTest htmlreportgenerator" time="0.0" classname="com.quantum.qa.wrappers.Quantumwrappers">
    <ignored/>
  </testcase> <!-- @BeforeTest htmlreportgenerator -->
  <testcase name="createloanfilupload" time="0.0" classname="com.quantum.qa.testcase.Tc001LoanCreationFileUpload">
    <ignored/>
  </testcase> <!-- createloanfilupload -->
  <testcase name="@AfterSuite reportclose" time="0.0" classname="com.quantum.qa.wrappers.Quantumwrappers">
    <ignored/>
  </testcase> <!-- @AfterSuite reportclose -->
  <testcase name="@AfterSuite reportclose" time="0.0" classname="com.quantum.qa.wrappers.Quantumwrappers">
    <ignored/>
  </testcase> <!-- @AfterSuite reportclose -->
  <testcase name="@AfterSuite reportclose" time="0.0" classname="com.quantum.qa.wrappers.Quantumwrappers">
    <ignored/>
  </testcase> <!-- @AfterSuite reportclose -->
</testsuite> <!-- Test -->
