<?xml version="1.0" encoding="UTF-8"?>
<testng-results skipped="0" failed="1" ignored="9" total="10" passed="0">
  <reporter-output>
  </reporter-output>
  <suite name="Suite" duration-ms="169991" started-at="2019-04-10T16:18:45Z" finished-at="2019-04-10T16:21:35Z">
    <groups>
      <group name="samplerun">
        <method signature="Tc002LoanCreationLoanapp.createloanapplication()[pri:0, instance:com.quantum.qa.testcase.Tc002LoanCreationLoanapp@4e718207]" name="createloanapplication" class="com.quantum.qa.testcase.Tc002LoanCreationLoanapp"/>
      </group> <!-- samplerun -->
    </groups>
    <test name="Test" duration-ms="169991" started-at="2019-04-10T16:18:45Z" finished-at="2019-04-10T16:21:35Z">
      <class name="com.quantum.qa.testcase.Tc001LoanCreationFileUpload">
        <test-method status="PASS" signature="htmlreportgenerator()[pri:0, instance:com.quantum.qa.testcase.Tc001LoanCreationFileUpload@32eebfca]" name="htmlreportgenerator" is-config="true" duration-ms="737" started-at="2019-04-10T16:18:45Z" finished-at="2019-04-10T16:18:46Z">
          <reporter-output>
          </reporter-output>
        </test-method> <!-- htmlreportgenerator -->
        <test-method status="PASS" signature="reportclose()[pri:0, instance:com.quantum.qa.testcase.Tc001LoanCreationFileUpload@32eebfca]" name="reportclose" is-config="true" duration-ms="702" started-at="2019-04-10T16:21:35Z" finished-at="2019-04-10T16:21:36Z">
          <reporter-output>
          </reporter-output>
        </test-method> <!-- reportclose -->
      </class> <!-- com.quantum.qa.testcase.Tc001LoanCreationFileUpload -->
      <class name="com.quantum.qa.testcase.Tc002LoanCreationLoanapp">
        <test-method status="PASS" signature="teescasedata()[pri:0, instance:com.quantum.qa.testcase.Tc002LoanCreationLoanapp@4e718207]" name="teescasedata" is-config="true" duration-ms="0" started-at="2019-04-10T16:18:46Z" finished-at="2019-04-10T16:18:46Z">
          <reporter-output>
          </reporter-output>
        </test-method> <!-- teescasedata -->
        <test-method status="PASS" signature="launchapp()[pri:0, instance:com.quantum.qa.testcase.Tc002LoanCreationLoanapp@4e718207]" name="launchapp" is-config="true" duration-ms="19044" started-at="2019-04-10T16:18:46Z" finished-at="2019-04-10T16:19:05Z">
          <reporter-output>
          </reporter-output>
        </test-method> <!-- launchapp -->
        <test-method status="FAIL" signature="createloanapplication()[pri:0, instance:com.quantum.qa.testcase.Tc002LoanCreationLoanapp@4e718207]" name="createloanapplication" duration-ms="150177" started-at="2019-04-10T16:19:05Z" finished-at="2019-04-10T16:21:35Z">
          <exception class="java.lang.NullPointerException">
            <full-stacktrace>
              <![CDATA[java.lang.NullPointerException
at org.openqa.selenium.support.ui.ExpectedConditions.elementIfVisible(ExpectedConditions.java:302)
at org.openqa.selenium.support.ui.ExpectedConditions.access$100(ExpectedConditions.java:44)
at org.openqa.selenium.support.ui.ExpectedConditions$10.apply(ExpectedConditions.java:288)
at org.openqa.selenium.support.ui.ExpectedConditions$10.apply(ExpectedConditions.java:285)
at org.openqa.selenium.support.ui.FluentWait.until(FluentWait.java:209)
at com.quantum.qa.pages.Filesummary.getloannumber(Filesummary.java:25)
at com.quantum.qa.testcase.Tc002LoanCreationLoanapp.createloanapplication(Tc002LoanCreationLoanapp.java:42)
at sun.reflect.NativeMethodAccessorImpl.invoke0(Native Method)
at sun.reflect.NativeMethodAccessorImpl.invoke(Unknown Source)
at sun.reflect.DelegatingMethodAccessorImpl.invoke(Unknown Source)
at java.lang.reflect.Method.invoke(Unknown Source)
at org.testng.internal.MethodInvocationHelper.invokeMethod(MethodInvocationHelper.java:124)
at org.testng.internal.Invoker.invokeMethod(Invoker.java:580)
at org.testng.internal.Invoker.invokeTestMethod(Invoker.java:716)
at org.testng.internal.Invoker.invokeTestMethods(Invoker.java:988)
at org.testng.internal.TestMethodWorker.invokeTestMethods(TestMethodWorker.java:125)
at org.testng.internal.TestMethodWorker.run(TestMethodWorker.java:109)
at org.testng.TestRunner.privateRun(TestRunner.java:648)
at org.testng.TestRunner.run(TestRunner.java:505)
at org.testng.SuiteRunner.runTest(SuiteRunner.java:455)
at org.testng.SuiteRunner.runSequentially(SuiteRunner.java:450)
at org.testng.SuiteRunner.privateRun(SuiteRunner.java:415)
at org.testng.SuiteRunner.run(SuiteRunner.java:364)
at org.testng.SuiteRunnerWorker.runSuite(SuiteRunnerWorker.java:52)
at org.testng.SuiteRunnerWorker.run(SuiteRunnerWorker.java:84)
at org.testng.TestNG.runSuitesSequentially(TestNG.java:1208)
at org.testng.TestNG.runSuitesLocally(TestNG.java:1137)
at org.testng.TestNG.runSuites(TestNG.java:1049)
at org.testng.TestNG.run(TestNG.java:1017)
at org.testng.remote.AbstractRemoteTestNG.run(AbstractRemoteTestNG.java:114)
at org.testng.remote.RemoteTestNG.initAndRun(RemoteTestNG.java:251)
at org.testng.remote.RemoteTestNG.main(RemoteTestNG.java:77)
]]>
            </full-stacktrace>
          </exception> <!-- java.lang.NullPointerException -->
          <reporter-output>
          </reporter-output>
        </test-method> <!-- createloanapplication -->
      </class> <!-- com.quantum.qa.testcase.Tc002LoanCreationLoanapp -->
    </test> <!-- Test -->
  </suite> <!-- Suite -->
</testng-results>
