<?xml version="1.0" encoding="UTF-8"?>
<testng-results skipped="0" failed="1" ignored="0" total="1" passed="0">
  <reporter-output>
  </reporter-output>
  <suite name="Default suite" duration-ms="138135" started-at="2019-04-09T10:00:01Z" finished-at="2019-04-09T10:02:19Z">
    <groups>
      <group name="smoketest">
        <method signature="Tc002LoanCreationLoanapp.createloanapplication()[pri:0, instance:com.quantum.qa.testcase.Tc002LoanCreationLoanapp@64f6106c]" name="createloanapplication" class="com.quantum.qa.testcase.Tc002LoanCreationLoanapp"/>
      </group> <!-- smoketest -->
    </groups>
    <test name="Default test" duration-ms="138135" started-at="2019-04-09T10:00:01Z" finished-at="2019-04-09T10:02:19Z">
      <class name="com.quantum.qa.testcase.Tc002LoanCreationLoanapp">
        <test-method status="PASS" signature="htmlreportgenerator()[pri:0, instance:com.quantum.qa.testcase.Tc002LoanCreationLoanapp@64f6106c]" name="htmlreportgenerator" is-config="true" duration-ms="894" started-at="2019-04-09T10:00:01Z" finished-at="2019-04-09T10:00:02Z">
          <reporter-output>
          </reporter-output>
        </test-method> <!-- htmlreportgenerator -->
        <test-method status="PASS" signature="teescasedata()[pri:0, instance:com.quantum.qa.testcase.Tc002LoanCreationLoanapp@64f6106c]" name="teescasedata" is-config="true" duration-ms="3" started-at="2019-04-09T10:00:02Z" finished-at="2019-04-09T10:00:02Z">
          <reporter-output>
          </reporter-output>
        </test-method> <!-- teescasedata -->
        <test-method status="PASS" signature="launchapp()[pri:0, instance:com.quantum.qa.testcase.Tc002LoanCreationLoanapp@64f6106c]" name="launchapp" is-config="true" duration-ms="23412" started-at="2019-04-09T10:00:02Z" finished-at="2019-04-09T10:00:26Z">
          <reporter-output>
          </reporter-output>
        </test-method> <!-- launchapp -->
        <test-method status="FAIL" signature="createloanapplication()[pri:0, instance:com.quantum.qa.testcase.Tc002LoanCreationLoanapp@64f6106c]" name="createloanapplication" duration-ms="113772" started-at="2019-04-09T10:00:26Z" finished-at="2019-04-09T10:02:19Z">
          <exception class="java.lang.NullPointerException">
            <full-stacktrace>
              <![CDATA[java.lang.NullPointerException
at org.openqa.selenium.support.ui.ExpectedConditions.elementIfVisible(ExpectedConditions.java:302)
at org.openqa.selenium.support.ui.ExpectedConditions.access$100(ExpectedConditions.java:44)
at org.openqa.selenium.support.ui.ExpectedConditions$10.apply(ExpectedConditions.java:288)
at org.openqa.selenium.support.ui.ExpectedConditions$10.apply(ExpectedConditions.java:285)
at org.openqa.selenium.support.ui.FluentWait.until(FluentWait.java:209)
at com.quantum.qa.pages.Filesummary.getloannumber(Filesummary.java:25)
at com.quantum.qa.testcase.Tc002LoanCreationLoanapp.createloanapplication(Tc002LoanCreationLoanapp.java:42)
at sun.reflect.NativeMethodAccessorImpl.invoke0(Native Method)
at sun.reflect.NativeMethodAccessorImpl.invoke(NativeMethodAccessorImpl.java:62)
at sun.reflect.DelegatingMethodAccessorImpl.invoke(DelegatingMethodAccessorImpl.java:43)
at java.lang.reflect.Method.invoke(Method.java:498)
at org.testng.internal.MethodInvocationHelper.invokeMethod(MethodInvocationHelper.java:124)
at org.testng.internal.Invoker.invokeMethod(Invoker.java:580)
at org.testng.internal.Invoker.invokeTestMethod(Invoker.java:716)
at org.testng.internal.Invoker.invokeTestMethods(Invoker.java:988)
at org.testng.internal.TestMethodWorker.invokeTestMethods(TestMethodWorker.java:125)
at org.testng.internal.TestMethodWorker.run(TestMethodWorker.java:109)
at org.testng.TestRunner.privateRun(TestRunner.java:648)
at org.testng.TestRunner.run(TestRunner.java:505)
at org.testng.SuiteRunner.runTest(SuiteRunner.java:455)
at org.testng.SuiteRunner.runSequentially(SuiteRunner.java:450)
at org.testng.SuiteRunner.privateRun(SuiteRunner.java:415)
at org.testng.SuiteRunner.run(SuiteRunner.java:364)
at org.testng.SuiteRunnerWorker.runSuite(SuiteRunnerWorker.java:52)
at org.testng.SuiteRunnerWorker.run(SuiteRunnerWorker.java:84)
at org.testng.TestNG.runSuitesSequentially(TestNG.java:1208)
at org.testng.TestNG.runSuitesLocally(TestNG.java:1137)
at org.testng.TestNG.runSuites(TestNG.java:1049)
at org.testng.TestNG.run(TestNG.java:1017)
at org.testng.remote.AbstractRemoteTestNG.run(AbstractRemoteTestNG.java:114)
at org.testng.remote.RemoteTestNG.initAndRun(RemoteTestNG.java:251)
at org.testng.remote.RemoteTestNG.main(RemoteTestNG.java:77)
]]>
            </full-stacktrace>
          </exception> <!-- java.lang.NullPointerException -->
          <reporter-output>
          </reporter-output>
        </test-method> <!-- createloanapplication -->
        <test-method status="PASS" signature="reportclose()[pri:0, instance:com.quantum.qa.testcase.Tc002LoanCreationLoanapp@64f6106c]" name="reportclose" is-config="true" duration-ms="665" started-at="2019-04-09T10:02:19Z" finished-at="2019-04-09T10:02:20Z">
          <reporter-output>
          </reporter-output>
        </test-method> <!-- reportclose -->
      </class> <!-- com.quantum.qa.testcase.Tc002LoanCreationLoanapp -->
    </test> <!-- Default test -->
  </suite> <!-- Default suite -->
</testng-results>
